<?xml version="1.0" encoding="utf-8" standalone="no"?>
<test-results xmlns:xsi="http://www.w3.org/2001/XMLSchema-instance" xsi:noNamespaceSchemaLocation="nunit_schema_2.5.xsd" name="Pester" total="34" errors="0" failures="0" not-run="0" inconclusive="0" ignored="0" skipped="2" invalid="0" date="2022-04-27" time="11:52:11">
  <environment cwd="C:\git\repos\MEM-Win32App-Builder\tests" nunit-version="2.5.8.0" machine-name="DESKTOP-MP3JG0O" platform="Microsoft Windows 11 Enterprise|C:\WINDOWS|\Device\Harddisk0\Partition3" user-domain="DESKTOP-MP3JG0O" clr-version="Unknown" user="mark-kerry" os-version="10.0.22000" />
  <culture-info current-culture="en-GB" current-uiculture="en-GB" />
  <test-suite type="TestFixture" name="Pester" executed="True" result="Ignored" success="True" time="5.2793" asserts="0" description="Pester">
    <results>
      <test-suite type="TestFixture" name="C:\git\repos\MEM-Win32App-Builder\tests\Help.tests.ps1" executed="True" result="Success" success="True" time="3.0156" asserts="0" description="C:\git\repos\MEM-Win32App-Builder\tests\Help.tests.ps1">
        <results>
          <test-suite type="TestFixture" name="Test help for Invoke-DownloadWin32AppUtil" executed="True" result="Success" success="True" time="1.0868" asserts="0" description="Test help for Invoke-DownloadWin32AppUtil">
            <results>
              <test-suite type="TestFixture" name="Test help for Invoke-DownloadWin32AppUtil.Parameter Path" executed="True" result="Success" success="True" time="0.9706" asserts="0" description="Test help for Invoke-DownloadWin32AppUtil.Parameter Path">
                <results>
                  <test-case description="Has description" name="Test help for Invoke-DownloadWin32AppUtil.Parameter Path.Has description" time="0.0435" asserts="0" success="True" result="Success" executed="True" />
                  <test-case description="Has correct [mandatory] value" name="Test help for Invoke-DownloadWin32AppUtil.Parameter Path.Has correct [mandatory] value" time="0.0948" asserts="0" success="True" result="Success" executed="True" />
                  <test-case description="Has correct parameter type" name="Test help for Invoke-DownloadWin32AppUtil.Parameter Path.Has correct parameter type" time="0.0295" asserts="0" success="True" result="Success" executed="True" />
                </results>
              </test-suite>
              <test-case description="Help is not auto-generated" name="Test help for Invoke-DownloadWin32AppUtil.Help is not auto-generated" time="0.4327" asserts="0" success="True" result="Success" executed="True" />
              <test-case description="Has description" name="Test help for Invoke-DownloadWin32AppUtil.Has description" time="0.0517" asserts="0" success="True" result="Success" executed="True" />
              <test-case description="Has example code" name="Test help for Invoke-DownloadWin32AppUtil.Has example code" time="0.0341" asserts="0" success="True" result="Success" executed="True" />
              <test-case description="Has example help" name="Test help for Invoke-DownloadWin32AppUtil.Has example help" time="0.0302" asserts="0" success="True" result="Success" executed="True" />
            </results>
          </test-suite>
          <test-suite type="TestFixture" name="Test help for New-MemWin32AppBuild" executed="True" result="Success" success="True" time="1.2819" asserts="0" description="Test help for New-MemWin32AppBuild">
            <results>
              <test-suite type="TestFixture" name="Test help for New-MemWin32AppBuild.Parameter Name" executed="True" result="Success" success="True" time="0.1126" asserts="0" description="Test help for New-MemWin32AppBuild.Parameter Name">
                <results>
                  <test-case description="Has description" name="Test help for New-MemWin32AppBuild.Parameter Name.Has description" time="0.0129" asserts="0" success="True" result="Success" executed="True" />
                  <test-case description="Has correct [mandatory] value" name="Test help for New-MemWin32AppBuild.Parameter Name.Has correct [mandatory] value" time="0.0119" asserts="0" success="True" result="Success" executed="True" />
                  <test-case description="Has correct parameter type" name="Test help for New-MemWin32AppBuild.Parameter Name.Has correct parameter type" time="0.012" asserts="0" success="True" result="Success" executed="True" />
                </results>
              </test-suite>
              <test-suite type="TestFixture" name="Test help for New-MemWin32AppBuild.Parameter Path" executed="True" result="Success" success="True" time="0.1697" asserts="0" description="Test help for New-MemWin32AppBuild.Parameter Path">
                <results>
                  <test-case description="Has description" name="Test help for New-MemWin32AppBuild.Parameter Path.Has description" time="0.0099" asserts="0" success="True" result="Success" executed="True" />
                  <test-case description="Has correct [mandatory] value" name="Test help for New-MemWin32AppBuild.Parameter Path.Has correct [mandatory] value" time="0.0084" asserts="0" success="True" result="Success" executed="True" />
                  <test-case description="Has correct parameter type" name="Test help for New-MemWin32AppBuild.Parameter Path.Has correct parameter type" time="0.0258" asserts="0" success="True" result="Success" executed="True" />
                </results>
              </test-suite>
              <test-case description="Help is not auto-generated" name="Test help for New-MemWin32AppBuild.Help is not auto-generated" time="0.0146" asserts="0" success="True" result="Success" executed="True" />
              <test-case description="Has description" name="Test help for New-MemWin32AppBuild.Has description" time="0.0126" asserts="0" success="True" result="Success" executed="True" />
              <test-case description="Has example code" name="Test help for New-MemWin32AppBuild.Has example code" time="0.0124" asserts="0" success="True" result="Success" executed="True" />
              <test-case description="Has example help" name="Test help for New-MemWin32AppBuild.Has example help" time="0.0226" asserts="0" success="True" result="Success" executed="True" />
            </results>
          </test-suite>
        </results>
      </test-suite>
      <test-suite type="TestFixture" name="C:\git\repos\MEM-Win32App-Builder\tests\Manifest.tests.ps1" executed="True" result="Ignored" success="True" time="1.0137" asserts="0" description="C:\git\repos\MEM-Win32App-Builder\tests\Manifest.tests.ps1">
        <results>
          <test-suite type="TestFixture" name="Module manifest" executed="True" result="Success" success="True" time="0.3952" asserts="0" description="Module manifest">
            <results>
              <test-suite type="TestFixture" name="Module manifest.Validation" executed="True" result="Success" success="True" time="0.3881" asserts="0" description="Module manifest.Validation">
                <results>
                  <test-case description="Has a valid manifest" name="Module manifest.Validation.Has a valid manifest" time="0.0351" asserts="0" success="True" result="Success" executed="True" />
                  <test-case description="Has a valid name in the manifest" name="Module manifest.Validation.Has a valid name in the manifest" time="0.0255" asserts="0" success="True" result="Success" executed="True" />
                  <test-case description="Has a valid root module" name="Module manifest.Validation.Has a valid root module" time="0.0301" asserts="0" success="True" result="Success" executed="True" />
                  <test-case description="Has a valid version in the manifest" name="Module manifest.Validation.Has a valid version in the manifest" time="0.0429" asserts="0" success="True" result="Success" executed="True" />
                  <test-case description="Has a valid description" name="Module manifest.Validation.Has a valid description" time="0.0288" asserts="0" success="True" result="Success" executed="True" />
                  <test-case description="Has a valid author" name="Module manifest.Validation.Has a valid author" time="0.0278" asserts="0" success="True" result="Success" executed="True" />
                  <test-case description="Has a valid guid" name="Module manifest.Validation.Has a valid guid" time="0.0724" asserts="0" success="True" result="Success" executed="True" />
                  <test-case description="Has a valid copyright" name="Module manifest.Validation.Has a valid copyright" time="0.0266" asserts="0" success="True" result="Success" executed="True" />
                  <test-case description="Has a valid version in the changelog" name="Module manifest.Validation.Has a valid version in the changelog" time="0.0569" asserts="0" success="True" result="Success" executed="True" />
                  <test-case description="Changelog and manifest versions are the same" name="Module manifest.Validation.Changelog and manifest versions are the same" time="0.033" asserts="0" success="True" result="Success" executed="True" />
                </results>
              </test-suite>
            </results>
          </test-suite>
          <test-suite type="TestFixture" name="Git tagging" executed="True" result="Ignored" success="True" time="0.4306" asserts="0" description="Git tagging">
            <results>
              <test-case description="Is tagged with a valid version" name="Git tagging.Is tagged with a valid version" time="0.0204" asserts="0" success="False" result="Ignored" executed="False" />
              <test-case description="Matches manifest version" name="Git tagging.Matches manifest version" time="0.0063" asserts="0" success="False" result="Ignored" executed="False" />
            </results>
          </test-suite>
        </results>
      </test-suite>
      <test-suite type="TestFixture" name="C:\git\repos\MEM-Win32App-Builder\tests\MEM-Win32App-Builder.tests.ps1" executed="True" result="Success" success="True" time="0.4159" asserts="0" description="C:\git\repos\MEM-Win32App-Builder\tests\MEM-Win32App-Builder.tests.ps1">
        <results>
          <test-suite type="TestFixture" name="Can see functions" executed="True" result="Success" success="True" time="0.1254" asserts="0" description="Can see functions">
            <results>
              <test-suite type="TestFixture" name="Can see functions.MEM-Win32App-Builder Functions" executed="True" result="Success" success="True" time="0.1186" asserts="0" description="Can see functions.MEM-Win32App-Builder Functions">
                <results>
                  <test-case description="Has imported functions" name="Can see functions.MEM-Win32App-Builder Functions.Has imported functions" time="0.0509" asserts="0" success="True" result="Success" executed="True" />
                  <test-case description="Invoke-DownloadWin32AppUtil exists" name="Can see functions.MEM-Win32App-Builder Functions.Invoke-DownloadWin32AppUtil exists" time="0.0326" asserts="0" success="True" result="Success" executed="True" />
                  <test-case description="New-MemWin32AppBuild exists" name="Can see functions.MEM-Win32App-Builder Functions.New-MemWin32AppBuild exists" time="0.028" asserts="0" success="True" result="Success" executed="True" />
                </results>
              </test-suite>
            </results>
          </test-suite>
        </results>
      </test-suite>
      <test-suite type="TestFixture" name="C:\git\repos\MEM-Win32App-Builder\tests\Meta.tests.ps1" executed="True" result="Success" success="True" time="0.8342" asserts="0" description="C:\git\repos\MEM-Win32App-Builder\tests\Meta.tests.ps1">
        <results>
          <test-suite type="TestFixture" name="Text files formatting" executed="True" result="Success" success="True" time="0.1402" asserts="0" description="Text files formatting">
            <results>
              <test-suite type="TestFixture" name="Text files formatting.File encoding" executed="True" result="Success" success="True" time="0.0665" asserts="0" description="Text files formatting.File encoding">
                <results>
                  <test-case description="No text file uses Unicode/UTF-16 encoding" name="Text files formatting.File encoding.No text file uses Unicode/UTF-16 encoding" time="0.0562" asserts="0" success="True" result="Success" executed="True" />
                </results>
              </test-suite>
              <test-suite type="TestFixture" name="Text files formatting.Indentations" executed="True" result="Success" success="True" time="0.1294" asserts="0" description="Text files formatting.Indentations">
                <results>
                  <test-case description="No text file use tabs for indentations" name="Text files formatting.Indentations.No text file use tabs for indentations" time="0.053" asserts="0" success="True" result="Success" executed="True" />
                </results>
              </test-suite>
            </results>
          </test-suite>
        </results>
      </test-suite>
    </results>
  </test-suite>
</test-results>