<?xml version="1.0" encoding="utf-8" standalone="no"?>
<test-results xmlns:xsi="http://www.w3.org/2001/XMLSchema-instance" xsi:noNamespaceSchemaLocation="nunit_schema_2.5.xsd" name="Pester" total="31" errors="0" failures="0" not-run="0" inconclusive="0" ignored="0" skipped="2" invalid="0" date="2022-04-23" time="10:48:20">
  <environment clr-version="Unknown" user-domain="DESKTOP-MP3JG0O" nunit-version="2.5.8.0" cwd="C:\git\repos\MEM-Win32App-Builder\tests" machine-name="DESKTOP-MP3JG0O" user="mark-kerry" os-version="10.0.22000" platform="Microsoft Windows 11 Enterprise|C:\WINDOWS|\Device\Harddisk0\Partition3" />
  <culture-info current-culture="en-GB" current-uiculture="en-GB" />
  <test-suite type="TestFixture" name="Pester" executed="True" result="Ignored" success="True" time="1.2707" asserts="0" description="Pester">
    <results>
      <test-suite type="TestFixture" name="C:\git\repos\MEM-Win32App-Builder\tests\Help.tests.ps1" executed="True" result="Success" success="True" time="0.516" asserts="0" description="C:\git\repos\MEM-Win32App-Builder\tests\Help.tests.ps1">
        <results>
          <test-suite type="TestFixture" name="Test help for Invoke-DownloadWin32AppUtil" executed="True" result="Success" success="True" time="0.174" asserts="0" description="Test help for Invoke-DownloadWin32AppUtil">
            <results>
              <test-suite type="TestFixture" name="Test help for Invoke-DownloadWin32AppUtil.Parameter Path" executed="True" result="Success" success="True" time="0.1139" asserts="0" description="Test help for Invoke-DownloadWin32AppUtil.Parameter Path">
                <results>
                  <test-case description="Has description" name="Test help for Invoke-DownloadWin32AppUtil.Parameter Path.Has description" time="0.0104" asserts="0" success="True" result="Success" executed="True" />
                  <test-case description="Has correct [mandatory] value" name="Test help for Invoke-DownloadWin32AppUtil.Parameter Path.Has correct [mandatory] value" time="0.0085" asserts="0" success="True" result="Success" executed="True" />
                  <test-case description="Has correct parameter type" name="Test help for Invoke-DownloadWin32AppUtil.Parameter Path.Has correct parameter type" time="0.0071" asserts="0" success="True" result="Success" executed="True" />
                </results>
              </test-suite>
              <test-case description="Help is not auto-generated" name="Test help for Invoke-DownloadWin32AppUtil.Help is not auto-generated" time="0.0095" asserts="0" success="True" result="Success" executed="True" />
              <test-case description="Has description" name="Test help for Invoke-DownloadWin32AppUtil.Has description" time="0.0073" asserts="0" success="True" result="Success" executed="True" />
              <test-case description="Has example code" name="Test help for Invoke-DownloadWin32AppUtil.Has example code" time="0.0115" asserts="0" success="True" result="Success" executed="True" />
              <test-case description="Has example help" name="Test help for Invoke-DownloadWin32AppUtil.Has example help" time="0.0057" asserts="0" success="True" result="Success" executed="True" />
            </results>
          </test-suite>
          <test-suite type="TestFixture" name="Test help for New-MemWin32AppBuild" executed="True" result="Success" success="True" time="0.3984" asserts="0" description="Test help for New-MemWin32AppBuild">
            <results>
              <test-suite type="TestFixture" name="Test help for New-MemWin32AppBuild.Parameter Name" executed="True" result="Success" success="True" time="0.0984" asserts="0" description="Test help for New-MemWin32AppBuild.Parameter Name">
                <results>
                  <test-case description="Has description" name="Test help for New-MemWin32AppBuild.Parameter Name.Has description" time="0.008" asserts="0" success="True" result="Success" executed="True" />
                  <test-case description="Has correct [mandatory] value" name="Test help for New-MemWin32AppBuild.Parameter Name.Has correct [mandatory] value" time="0.0056" asserts="0" success="True" result="Success" executed="True" />
                  <test-case description="Has correct parameter type" name="Test help for New-MemWin32AppBuild.Parameter Name.Has correct parameter type" time="0.0059" asserts="0" success="True" result="Success" executed="True" />
                </results>
              </test-suite>
              <test-suite type="TestFixture" name="Test help for New-MemWin32AppBuild.Parameter Path" executed="True" result="Success" success="True" time="0.1702" asserts="0" description="Test help for New-MemWin32AppBuild.Parameter Path">
                <results>
                  <test-case description="Has description" name="Test help for New-MemWin32AppBuild.Parameter Path.Has description" time="0.0077" asserts="0" success="True" result="Success" executed="True" />
                  <test-case description="Has correct [mandatory] value" name="Test help for New-MemWin32AppBuild.Parameter Path.Has correct [mandatory] value" time="0.0049" asserts="0" success="True" result="Success" executed="True" />
                  <test-case description="Has correct parameter type" name="Test help for New-MemWin32AppBuild.Parameter Path.Has correct parameter type" time="0.0073" asserts="0" success="True" result="Success" executed="True" />
                </results>
              </test-suite>
              <test-case description="Help is not auto-generated" name="Test help for New-MemWin32AppBuild.Help is not auto-generated" time="0.0078" asserts="0" success="True" result="Success" executed="True" />
              <test-case description="Has description" name="Test help for New-MemWin32AppBuild.Has description" time="0.0047" asserts="0" success="True" result="Success" executed="True" />
              <test-case description="Has example code" name="Test help for New-MemWin32AppBuild.Has example code" time="0.0062" asserts="0" success="True" result="Success" executed="True" />
              <test-case description="Has example help" name="Test help for New-MemWin32AppBuild.Has example help" time="0.0063" asserts="0" success="True" result="Success" executed="True" />
            </results>
          </test-suite>
        </results>
      </test-suite>
      <test-suite type="TestFixture" name="C:\git\repos\MEM-Win32App-Builder\tests\Manifest.tests.ps1" executed="True" result="Ignored" success="True" time="0.4509" asserts="0" description="C:\git\repos\MEM-Win32App-Builder\tests\Manifest.tests.ps1">
        <results>
          <test-suite type="TestFixture" name="Module manifest" executed="True" result="Success" success="True" time="0.1926" asserts="0" description="Module manifest">
            <results>
              <test-suite type="TestFixture" name="Module manifest.Validation" executed="True" result="Success" success="True" time="0.1379" asserts="0" description="Module manifest.Validation">
                <results>
                  <test-case description="Has a valid manifest" name="Module manifest.Validation.Has a valid manifest" time="0.0089" asserts="0" success="True" result="Success" executed="True" />
                  <test-case description="Has a valid name in the manifest" name="Module manifest.Validation.Has a valid name in the manifest" time="0.0064" asserts="0" success="True" result="Success" executed="True" />
                  <test-case description="Has a valid root module" name="Module manifest.Validation.Has a valid root module" time="0.0067" asserts="0" success="True" result="Success" executed="True" />
                  <test-case description="Has a valid version in the manifest" name="Module manifest.Validation.Has a valid version in the manifest" time="0.0056" asserts="0" success="True" result="Success" executed="True" />
                  <test-case description="Has a valid description" name="Module manifest.Validation.Has a valid description" time="0.0085" asserts="0" success="True" result="Success" executed="True" />
                  <test-case description="Has a valid author" name="Module manifest.Validation.Has a valid author" time="0.0102" asserts="0" success="True" result="Success" executed="True" />
                  <test-case description="Has a valid guid" name="Module manifest.Validation.Has a valid guid" time="0.0064" asserts="0" success="True" result="Success" executed="True" />
                  <test-case description="Has a valid copyright" name="Module manifest.Validation.Has a valid copyright" time="0.0076" asserts="0" success="True" result="Success" executed="True" />
                  <test-case description="Has a valid version in the changelog" name="Module manifest.Validation.Has a valid version in the changelog" time="0.0061" asserts="0" success="True" result="Success" executed="True" />
                  <test-case description="Changelog and manifest versions are the same" name="Module manifest.Validation.Changelog and manifest versions are the same" time="0.0072" asserts="0" success="True" result="Success" executed="True" />
                </results>
              </test-suite>
            </results>
          </test-suite>
          <test-suite type="TestFixture" name="Git tagging" executed="True" result="Ignored" success="True" time="0.2652" asserts="0" description="Git tagging">
            <results>
              <test-case description="Is tagged with a valid version" name="Git tagging.Is tagged with a valid version" time="0.0069" asserts="0" success="False" result="Ignored" executed="False" />
              <test-case description="Matches manifest version" name="Git tagging.Matches manifest version" time="0.0031" asserts="0" success="False" result="Ignored" executed="False" />
            </results>
          </test-suite>
        </results>
      </test-suite>
      <test-suite type="TestFixture" name="C:\git\repos\MEM-Win32App-Builder\tests\Meta.tests.ps1" executed="True" result="Success" success="True" time="0.3038" asserts="0" description="C:\git\repos\MEM-Win32App-Builder\tests\Meta.tests.ps1">
        <results>
          <test-suite type="TestFixture" name="Text files formatting" executed="True" result="Success" success="True" time="0.1666" asserts="0" description="Text files formatting">
            <results>
              <test-suite type="TestFixture" name="Text files formatting.File encoding" executed="True" result="Success" success="True" time="0.059" asserts="0" description="Text files formatting.File encoding">
                <results>
                  <test-case description="No text file uses Unicode/UTF-16 encoding" name="Text files formatting.File encoding.No text file uses Unicode/UTF-16 encoding" time="0.009" asserts="0" success="True" result="Success" executed="True" />
                </results>
              </test-suite>
              <test-suite type="TestFixture" name="Text files formatting.Indentations" executed="True" result="Success" success="True" time="0.1198" asserts="0" description="Text files formatting.Indentations">
                <results>
                  <test-case description="No text file use tabs for indentations" name="Text files formatting.Indentations.No text file use tabs for indentations" time="0.0076" asserts="0" success="True" result="Success" executed="True" />
                </results>
              </test-suite>
            </results>
          </test-suite>
        </results>
      </test-suite>
    </results>
  </test-suite>
</test-results>